#
# There is insufficient memory for the Java Runtime Environment to continue.
# Native memory allocation (malloc) failed to allocate 1048576 bytes for AllocateHeap
# Possible reasons:
#   The system is out of physical RAM or swap space
#   The process is running with CompressedOops enabled, and the Java Heap may be blocking the growth of the native heap
# Possible solutions:
#   Reduce memory load on the system
#   Increase physical memory or swap space
#   Check if swap backing store is full
#   Decrease Java heap size (-Xmx/-Xms)
#   Decrease number of Java threads
#   Decrease Java thread stack sizes (-Xss)
#   Set larger code cache with -XX:ReservedCodeCacheSize=
#   JVM is running with Unscaled Compressed Oops mode in which the Java heap is
#     placed in the first 4GB address space. The Java Heap base address is the
#     maximum limit for the native heap growth. Please use -XX:HeapBaseMinAddress
#     to set the Java Heap base and to place the Java Heap above 4GB virtual address.
# This output file may be truncated or incomplete.
#
#  Out of Memory Error (allocation.cpp:44), pid=12320, tid=23888
#
# JRE version:  (17.0.10+7) (build )
# Java VM: OpenJDK 64-Bit Server VM (17.0.10+7-LTS, mixed mode, sharing, tiered, compressed oops, compressed class ptrs, g1 gc, windows-amd64)
# No core dump will be written. Minidumps are not enabled by default on client versions of Windows
#

---------------  S U M M A R Y ------------

Command Line: -Xmx64m -Xms64m -Dorg.gradle.appname=gradlew org.gradle.wrapper.GradleWrapperMain app:installDebug -PreactNativeDevServerPort=8081

Host: Intel(R) Core(TM) i7-4900MQ CPU @ 2.80GHz, 8 cores, 7G,  Windows 10 , 64 bit Build 19041 (10.0.19041.3636)
Time: Thu Mar 21 11:11:14 2024 SE Asia Standard Time elapsed time: 0.118157 seconds (0d 0h 0m 0s)

---------------  T H R E A D  ---------------

Current thread (0x0000028d057036d0):  JavaThread "Unknown thread" [_thread_in_vm, id=23888, stack(0x000000b4af900000,0x000000b4afa00000)]

Stack: [0x000000b4af900000,0x000000b4afa00000]
Native frames: (J=compiled Java code, j=interpreted, Vv=VM code, C=native code)
V  [jvm.dll+0x67f829]
V  [jvm.dll+0x83750a]
V  [jvm.dll+0x838fce]
V  [jvm.dll+0x839633]
V  [jvm.dll+0x247cbf]
V  [jvm.dll+0xa6ca3]
V  [jvm.dll+0x2dc354]
V  [jvm.dll+0x808d5c]
V  [jvm.dll+0x36ec11]
V  [jvm.dll+0x7e7826]
V  [jvm.dll+0x3f245f]
V  [jvm.dll+0x3f4091]
C  [jli.dll+0x528f]
C  [ucrtbase.dll+0x21bb2]
C  [KERNEL32.DLL+0x17344]
C  [ntdll.dll+0x526b1]


---------------  P R O C E S S  ---------------

Threads class SMR info:
_java_thread_list=0x00007fff39771ed8, length=0, elements={
}

Java Threads: ( => current thread )

Other Threads:

=>0x0000028d057036d0 (exited) JavaThread "Unknown thread" [_thread_in_vm, id=23888, stack(0x000000b4af900000,0x000000b4afa00000)]

Threads with active compile tasks:

VM state: not at safepoint (not fully initialized)

VM Mutex/Monitor currently owned by a thread: None

Heap address: 0x0000000000000000, size: 0 MB, Compressed Oops mode: 32-bit

CDS archive(s) mapped at: [0x0000000000000000-0x0000000000000000-0x0000000000000000), size 0, SharedBaseAddress: 0x0000000800000000, ArchiveRelocationMode: 1.
Narrow klass base: 0x0000000000000000, Narrow klass shift: 0, Narrow klass range: 0x0

GC Precious Log:
<Empty>

GC Heap History (0 events):
No events

Dll operation events (1 events):
Event: 0.053 Loaded shared library C:\Program Files\Microsoft\jdk-17.0.10.7-hotspot\bin\java.dll

Deoptimization events (0 events):
No events

Classes unloaded (0 events):
No events

Classes redefined (0 events):
No events

Internal exceptions (0 events):
No events

VM Operations (0 events):
No events

Events (0 events):
No events


Dynamic libraries:
0x00007ff71a5f0000 - 0x00007ff71a5fe000 	C:\Program Files\Microsoft\jdk-17.0.10.7-hotspot\bin\java.exe
0x00007fff87ab0000 - 0x00007fff87ca8000 	C:\WINDOWS\SYSTEM32\ntdll.dll
0x00007fff871f0000 - 0x00007fff872ad000 	C:\WINDOWS\System32\KERNEL32.DLL
0x00007fff85280000 - 0x00007fff85576000 	C:\WINDOWS\System32\KERNELBASE.dll
0x00007fff855d0000 - 0x00007fff856d0000 	C:\WINDOWS\System32\ucrtbase.dll
0x00007fff57390000 - 0x00007fff573a7000 	C:\Program Files\Microsoft\jdk-17.0.10.7-hotspot\bin\jli.dll
0x00007fff57550000 - 0x00007fff5756b000 	C:\Program Files\Microsoft\jdk-17.0.10.7-hotspot\bin\VCRUNTIME140.dll
0x00007fff86060000 - 0x00007fff861fe000 	C:\WINDOWS\System32\USER32.dll
0x00007fff85960000 - 0x00007fff85982000 	C:\WINDOWS\System32\win32u.dll
0x00007fff86030000 - 0x00007fff8605b000 	C:\WINDOWS\System32\GDI32.dll
0x00007fff85160000 - 0x00007fff85277000 	C:\WINDOWS\System32\gdi32full.dll
0x00007fff85a40000 - 0x00007fff85add000 	C:\WINDOWS\System32\msvcp_win.dll
0x00007fff78ac0000 - 0x00007fff78d5a000 	C:\WINDOWS\WinSxS\amd64_microsoft.windows.common-controls_6595b64144ccf1df_6.0.19041.3636_none_60b6a03d71f818d5\COMCTL32.dll
0x00007fff872b0000 - 0x00007fff8734e000 	C:\WINDOWS\System32\msvcrt.dll
0x00007fff87620000 - 0x00007fff87652000 	C:\WINDOWS\System32\IMM32.DLL
0x00007fff70910000 - 0x00007fff7091c000 	C:\Program Files\Microsoft\jdk-17.0.10.7-hotspot\bin\vcruntime140_1.dll
0x00007fff40900000 - 0x00007fff4098d000 	C:\Program Files\Microsoft\jdk-17.0.10.7-hotspot\bin\msvcp140.dll
0x00007fff38c40000 - 0x00007fff398a5000 	C:\Program Files\Microsoft\jdk-17.0.10.7-hotspot\bin\server\jvm.dll
0x00007fff87660000 - 0x00007fff87710000 	C:\WINDOWS\System32\ADVAPI32.dll
0x00007fff86bd0000 - 0x00007fff86c70000 	C:\WINDOWS\System32\sechost.dll
0x00007fff874f0000 - 0x00007fff87615000 	C:\WINDOWS\System32\RPCRT4.dll
0x00007fff858a0000 - 0x00007fff858c7000 	C:\WINDOWS\System32\bcrypt.dll
0x00007fff84700000 - 0x00007fff8474b000 	C:\WINDOWS\SYSTEM32\POWRPROF.dll
0x00007fff79590000 - 0x00007fff795b7000 	C:\WINDOWS\SYSTEM32\WINMM.dll
0x00007fff7eb80000 - 0x00007fff7eb8a000 	C:\WINDOWS\SYSTEM32\VERSION.dll
0x00007fff6d120000 - 0x00007fff6d129000 	C:\WINDOWS\SYSTEM32\WSOCK32.dll
0x00007fff86b60000 - 0x00007fff86bcb000 	C:\WINDOWS\System32\ws2_32.DLL
0x00007fff84570000 - 0x00007fff84582000 	C:\WINDOWS\SYSTEM32\UMPDC.dll
0x00007fff83010000 - 0x00007fff83022000 	C:\WINDOWS\SYSTEM32\kernel.appcore.dll
0x00007fff5a280000 - 0x00007fff5a28a000 	C:\Program Files\Microsoft\jdk-17.0.10.7-hotspot\bin\jimage.dll
0x00007fff7b730000 - 0x00007fff7b914000 	C:\WINDOWS\SYSTEM32\DBGHELP.DLL
0x00007fff7af70000 - 0x00007fff7afa4000 	C:\WINDOWS\SYSTEM32\dbgcore.DLL
0x00007fff858d0000 - 0x00007fff85952000 	C:\WINDOWS\System32\bcryptPrimitives.dll
0x00007fff542d0000 - 0x00007fff542f5000 	C:\Program Files\Microsoft\jdk-17.0.10.7-hotspot\bin\java.dll

dbghelp: loaded successfully - version: 4.0.5 - missing functions: none
symbol engine: initialized successfully - sym options: 0x614 - pdb path: .;C:\Program Files\Microsoft\jdk-17.0.10.7-hotspot\bin;C:\WINDOWS\SYSTEM32;C:\WINDOWS\WinSxS\amd64_microsoft.windows.common-controls_6595b64144ccf1df_6.0.19041.3636_none_60b6a03d71f818d5;C:\Program Files\Microsoft\jdk-17.0.10.7-hotspot\bin\server

VM Arguments:
jvm_args: -Xmx64m -Xms64m -Dorg.gradle.appname=gradlew 
java_command: org.gradle.wrapper.GradleWrapperMain app:installDebug -PreactNativeDevServerPort=8081
java_class_path (initial): D:\TaiLieuMonHocHK1-1024\CNM\Project_AppChat\OrangeChat\android\\gradle\wrapper\gradle-wrapper.jar
Launcher Type: SUN_STANDARD

[Global flags]
     intx CICompilerCount                          = 4                                         {product} {ergonomic}
     uint ConcGCThreads                            = 2                                         {product} {ergonomic}
     uint G1ConcRefinementThreads                  = 8                                         {product} {ergonomic}
   size_t G1HeapRegionSize                         = 1048576                                   {product} {ergonomic}
    uintx GCDrainStackTargetSize                   = 64                                        {product} {ergonomic}
   size_t InitialHeapSize                          = 67108864                                  {product} {command line}
   size_t MarkStackSize                            = 4194304                                   {product} {ergonomic}
   size_t MaxHeapSize                              = 67108864                                  {product} {command line}
   size_t MinHeapDeltaBytes                        = 1048576                                   {product} {ergonomic}
   size_t MinHeapSize                              = 67108864                                  {product} {command line}
    uintx NonNMethodCodeHeapSize                   = 5839372                                {pd product} {ergonomic}
    uintx NonProfiledCodeHeapSize                  = 122909434                              {pd product} {ergonomic}
    uintx ProfiledCodeHeapSize                     = 122909434                              {pd product} {ergonomic}
    uintx ReservedCodeCacheSize                    = 251658240                              {pd product} {ergonomic}
     bool SegmentedCodeCache                       = true                                      {product} {ergonomic}
   size_t SoftMaxHeapSize                          = 67108864                               {manageable} {ergonomic}
     bool UseCompressedClassPointers               = true                           {product lp64_product} {ergonomic}
     bool UseCompressedOops                        = true                           {product lp64_product} {ergonomic}
     bool UseG1GC                                  = true                                      {product} {ergonomic}
     bool UseLargePagesIndividualAllocation        = false                                  {pd product} {ergonomic}

Logging:
Log output configuration:
 #0: stdout all=warning uptime,level,tags
 #1: stderr all=off uptime,level,tags

Environment Variables:
JAVA_HOME=C:\Program Files\Microsoft\jdk-17.0.10.7-hotspot\
CLASSPATH=D:\TaiLieuMonHocHK1-1024\CNM\Project_AppChat\OrangeChat\android\\gradle\wrapper\gradle-wrapper.jar
PATH=D:\TaiLieuMonHocHK1-1024\CNM\Project_AppChat\OrangeChat\node_modules\.bin;D:\TaiLieuMonHocHK1-1024\CNM\Project_AppChat\OrangeChat\node_modules\.bin;D:\TaiLieuMonHocHK1-1024\CNM\Project_AppChat\node_modules\.bin;D:\TaiLieuMonHocHK1-1024\CNM\node_modules\.bin;D:\TaiLieuMonHocHK1-1024\node_modules\.bin;D:\node_modules\.bin;C:\Program Files\nodejs\node_modules\npm\node_modules\@npmcli\run-script\lib\node-gyp-bin;D:\TaiLieuMonHocHK1-1024\CNM\Project_AppChat\OrangeChat\node_modules\.bin;D:\TaiLieuMonHocHK1-1024\CNM\Project_AppChat\node_modules\.bin;D:\TaiLieuMonHocHK1-1024\CNM\node_modules\.bin;D:\TaiLieuMonHocHK1-1024\node_modules\.bin;D:\node_modules\.bin;C:\Program Files\nodejs\node_modules\npm\node_modules\@npmcli\run-script\lib\node-gyp-bin;C:\Program Files\Microsoft\jdk-17.0.10.7-hotspot\bin;C:\Program Files\Common Files\Oracle\Java\javapath;C:\Program Files (x86)\Common Files\Oracle\Java\javapath;C:\WINDOWS\system32;C:\WINDOWS;C:\WINDOWS\System32\Wbem;C:\WINDOWS\System32\WindowsPowerShell\v1.0\;C:\WINDOWS\System32\OpenSSH\;C:\MinGW\bin;C:\Program Files\Git\cmd;C:\Program Files\Microsoft\jdk-17.0.10.7-hotspot\\bin;C:\Program Files\Microsoft SQL Server\Client SDK\ODBC\170\Tools\Binn\;C:\Program Files (x86)\Microsoft SQL Server\150\Tools\Binn\;C:\Program Files\Microsoft SQL Server\150\Tools\Binn\;C:\Program Files\Microsoft SQL Server\150\DTS\Binn\;C:\Program Files (x86)\Microsoft SQL Server\150\DTS\Binn\;C:\Program Files\Azure Data Studio\bin;C:\Program Files\MongoDB\Server\5.0\bin;C:\Program Files\MongoDB\Tools\100\bin;C:\ProgramData\chocolatey\bin;C:\Program Files\nodejs\;C:\Program Files\Redis\;C:\Users\THINKPAD\AppData\Local\Android\Sdk\tools;C:\Users\THINKPAD\AppData\Local\Microsoft\WindowsApps;C:\Users\THINKPAD\AppData\Local\Programs\Microsoft VS Code\bin;C:\Program Files\Azure Data Studio\bin;C:\Users\THINKPAD\AppData\Local\Programs\mongosh\;C:\Program Files\JetBrains\IntelliJ IDEA Educational Edition 2022.2.2\bin;;C:\Users\THINKPAD\AppData\Local\GitHubDeskto
USERNAME=THINKPAD
LANG=en_US.UTF-8
OS=Windows_NT
PROCESSOR_IDENTIFIER=Intel64 Family 6 Model 60 Stepping 3, GenuineIntel
TMP=C:\Users\THINKPAD\AppData\Local\Temp
TEMP=C:\Users\THINKPAD\AppData\Local\Temp



Periodic native trim disabled


---------------  S Y S T E M  ---------------

OS:
 Windows 10 , 64 bit Build 19041 (10.0.19041.3636)
OS uptime: 5 days 13:39 hours

CPU: total 8 (initial active 8) (4 cores per cpu, 2 threads per core) family 6 model 60 stepping 3 microcode 0x27, cx8, cmov, fxsr, ht, mmx, sse, sse2, sse3, ssse3, sse4.1, sse4.2, popcnt, lzcnt, tsc, tscinvbit, avx, avx2, aes, erms, clmul, bmi1, bmi2, fma, vzeroupper, clflush
Processor Information for all 8 processors :
  Max Mhz: 2801, Current Mhz: 2801, Mhz Limit: 2801

Memory: 4k page, system-wide physical 8097M (410M free)
TotalPageFile size 20732M (AvailPageFile size 8M)
current process WorkingSet (physical memory assigned to process): 9M, peak: 9M
current process commit charge ("private bytes"): 16M, peak: 17M

vm_info: OpenJDK 64-Bit Server VM (17.0.10+7-LTS) for windows-amd64 JRE (17.0.10+7-LTS), built on Jan 10 2024 19:47:12 by "MicrosoftCorporation" with MS VC++ 16.10 / 16.11 (VS2019)

END.
